This is XeTeX, Version 3.14159265-2.6-0.99999 (MiKTeX 2.9.6630 64-bit) (preloaded format=xelatex 2018.12.7)  17 JAN 2019 15:46
entering extended mode
**./tex2pdf.13616/input.tex
(tex2pdf.13616/input.tex
LaTeX2e <2017-04-15>
Babel <3.18> and hyphenation patterns for 75 language(s) loaded.

! LaTeX Error: \usepackage before \documentclass.

See the LaTeX manual or LaTeX Companion for explanation.
Type  H <return>  for immediate help.
 ...                                              
                                                  
l.2 \usepackage{
                xcolor} 
Here is how much of TeX's memory you used:
 7 strings out of 427836
 366 string characters out of 3146998
 61054 words of memory out of 3000000
 4062 multiletter control sequences out of 15000+200000
 3640 words of font info for 14 fonts, out of 3000000 for 9000
 1328 hyphenation exceptions out of 8191
 5i,0n,5p,60b,14s stack positions out of 5000i,500n,10000p,200000b,50000s

No pages of output.
